<?xml version="1.0" encoding="UTF-8"?>
<!-- Generated by org.testng.reporters.JUnitXMLReporter -->
<testsuite ignored="0" hostname="DESKTOP-P5DO3M4" failures="9" tests="13" name="Test" time="95.392" errors="0" timestamp="2021-09-21T16:30:22 IST">
  <testcase classname="com.InetBankingV1.TestCasess.TC_HomePage_001" name="TstOne" time="10.747"/>
  <testcase classname="com.InetBankingV1.TestCasess.TC_HomePage_002" name="LogInDDT" time="7.577"/>
  <testcase classname="com.InetBankingV1.TestCasess.TC_HomePage_002" name="LogInDDT" time="4.179">
    <failure type="java.lang.AssertionError" message="expected [true] but found [false]">
      <![CDATA[java.lang.AssertionError: expected [true] but found [false]
at com.InetBankingV1.TestCasess.TC_HomePage_002.LogInDDT(TC_HomePage_002.java:33)
at java.base/java.util.ArrayList.forEach(ArrayList.java:1511)
... Removed 31 stack frames]]>
    </failure>
  </testcase> <!-- LogInDDT -->
  <testcase classname="com.InetBankingV1.TestCasess.TC_HomePage_002" name="LogInDDT" time="4.258">
    <failure type="java.lang.AssertionError" message="expected [true] but found [false]">
      <![CDATA[java.lang.AssertionError: expected [true] but found [false]
at com.InetBankingV1.TestCasess.TC_HomePage_002.LogInDDT(TC_HomePage_002.java:33)
at java.base/java.util.ArrayList.forEach(ArrayList.java:1511)
... Removed 31 stack frames]]>
    </failure>
  </testcase> <!-- LogInDDT -->
  <testcase classname="com.InetBankingV1.TestCasess.TC_HomePage_002" name="LogInDDT" time="7.194"/>
  <testcase classname="com.InetBankingV1.TestCasess.TC_HomePage_002" name="LogInDDT" time="4.308">
    <failure type="java.lang.AssertionError" message="expected [true] but found [false]">
      <![CDATA[java.lang.AssertionError: expected [true] but found [false]
at com.InetBankingV1.TestCasess.TC_HomePage_002.LogInDDT(TC_HomePage_002.java:33)
at java.base/java.util.ArrayList.forEach(ArrayList.java:1511)
... Removed 31 stack frames]]>
    </failure>
  </testcase> <!-- LogInDDT -->
  <testcase classname="com.InetBankingV1.TestCasess.TC_HomePage_002" name="LogInDDT" time="4.524">
    <failure type="java.lang.AssertionError" message="expected [true] but found [false]">
      <![CDATA[java.lang.AssertionError: expected [true] but found [false]
at com.InetBankingV1.TestCasess.TC_HomePage_002.LogInDDT(TC_HomePage_002.java:33)
at java.base/java.util.ArrayList.forEach(ArrayList.java:1511)
... Removed 31 stack frames]]>
    </failure>
  </testcase> <!-- LogInDDT -->
  <testcase classname="com.InetBankingV1.TestCasess.TC_HomePage_002" name="LogInDDT" time="4.191">
    <failure type="java.lang.AssertionError" message="expected [true] but found [false]">
      <![CDATA[java.lang.AssertionError: expected [true] but found [false]
at com.InetBankingV1.TestCasess.TC_HomePage_002.LogInDDT(TC_HomePage_002.java:33)
at java.base/java.util.ArrayList.forEach(ArrayList.java:1511)
... Removed 31 stack frames]]>
    </failure>
  </testcase> <!-- LogInDDT -->
  <testcase classname="com.InetBankingV1.TestCasess.TC_HomePage_002" name="LogInDDT" time="4.215">
    <failure type="java.lang.AssertionError" message="expected [true] but found [false]">
      <![CDATA[java.lang.AssertionError: expected [true] but found [false]
at com.InetBankingV1.TestCasess.TC_HomePage_002.LogInDDT(TC_HomePage_002.java:33)
at java.base/java.util.ArrayList.forEach(ArrayList.java:1511)
... Removed 31 stack frames]]>
    </failure>
  </testcase> <!-- LogInDDT -->
  <testcase classname="com.InetBankingV1.TestCasess.TC_HomePage_002" name="LogInDDT" time="4.015">
    <failure type="java.lang.AssertionError" message="expected [true] but found [false]">
      <![CDATA[java.lang.AssertionError: expected [true] but found [false]
at com.InetBankingV1.TestCasess.TC_HomePage_002.LogInDDT(TC_HomePage_002.java:33)
at java.base/java.util.ArrayList.forEach(ArrayList.java:1511)
... Removed 31 stack frames]]>
    </failure>
  </testcase> <!-- LogInDDT -->
  <testcase classname="com.InetBankingV1.TestCasess.TC_HomePage_002" name="LogInDDT" time="4.433">
    <failure type="java.lang.AssertionError" message="expected [true] but found [false]">
      <![CDATA[java.lang.AssertionError: expected [true] but found [false]
at com.InetBankingV1.TestCasess.TC_HomePage_002.LogInDDT(TC_HomePage_002.java:33)
at java.base/java.util.ArrayList.forEach(ArrayList.java:1511)
... Removed 31 stack frames]]>
    </failure>
  </testcase> <!-- LogInDDT -->
  <testcase classname="com.InetBankingV1.TestCasess.TC_HomePage_002" name="LogInDDT" time="3.764">
    <failure type="java.lang.AssertionError" message="expected [true] but found [false]">
      <![CDATA[java.lang.AssertionError: expected [true] but found [false]
at com.InetBankingV1.TestCasess.TC_HomePage_002.LogInDDT(TC_HomePage_002.java:33)
at java.base/java.util.ArrayList.forEach(ArrayList.java:1511)
... Removed 31 stack frames]]>
    </failure>
  </testcase> <!-- LogInDDT -->
  <testcase classname="com.InetBankingV1.TestCasess.TC_HomePage_003" name="FillCustumerDetails" time="6.174"/>
</testsuite> <!-- Test -->
