<?xml version="1.0" encoding="UTF-8"?>
<!-- Generated by org.testng.reporters.JUnitXMLReporter -->
<testsuite ignored="0" hostname="DESKTOP-P5DO3M4" failures="10" tests="10" name="Test(failed)" time="48.137" errors="0" timestamp="2021-09-21T14:43:10 IST">
  <testcase classname="com.InetBankingV1.TestCasess.TC_HomePage_002" name="LogInDDT" time="4.162">
    <failure type="java.lang.AssertionError" message="expected [true] but found [false]">
      <![CDATA[java.lang.AssertionError: expected [true] but found [false]
at com.InetBankingV1.TestCasess.TC_HomePage_002.LogInDDT(TC_HomePage_002.java:33)
at java.base/java.util.ArrayList.forEach(ArrayList.java:1511)
... Removed 31 stack frames]]>
    </failure>
  </testcase> <!-- LogInDDT -->
  <testcase classname="com.InetBankingV1.TestCasess.TC_HomePage_002" name="LogInDDT" time="3.97">
    <failure type="java.lang.AssertionError" message="expected [true] but found [false]">
      <![CDATA[java.lang.AssertionError: expected [true] but found [false]
at com.InetBankingV1.TestCasess.TC_HomePage_002.LogInDDT(TC_HomePage_002.java:33)
at java.base/java.util.ArrayList.forEach(ArrayList.java:1511)
... Removed 31 stack frames]]>
    </failure>
  </testcase> <!-- LogInDDT -->
  <testcase classname="com.InetBankingV1.TestCasess.TC_HomePage_002" name="LogInDDT" time="4.044">
    <failure type="java.lang.AssertionError" message="expected [true] but found [false]">
      <![CDATA[java.lang.AssertionError: expected [true] but found [false]
at com.InetBankingV1.TestCasess.TC_HomePage_002.LogInDDT(TC_HomePage_002.java:33)
at java.base/java.util.ArrayList.forEach(ArrayList.java:1511)
... Removed 31 stack frames]]>
    </failure>
  </testcase> <!-- LogInDDT -->
  <testcase classname="com.InetBankingV1.TestCasess.TC_HomePage_002" name="LogInDDT" time="4.198">
    <failure type="java.lang.AssertionError" message="expected [true] but found [false]">
      <![CDATA[java.lang.AssertionError: expected [true] but found [false]
at com.InetBankingV1.TestCasess.TC_HomePage_002.LogInDDT(TC_HomePage_002.java:33)
at java.base/java.util.ArrayList.forEach(ArrayList.java:1511)
... Removed 31 stack frames]]>
    </failure>
  </testcase> <!-- LogInDDT -->
  <testcase classname="com.InetBankingV1.TestCasess.TC_HomePage_002" name="LogInDDT" time="4.198">
    <failure type="java.lang.AssertionError" message="expected [true] but found [false]">
      <![CDATA[java.lang.AssertionError: expected [true] but found [false]
at com.InetBankingV1.TestCasess.TC_HomePage_002.LogInDDT(TC_HomePage_002.java:33)
at java.base/java.util.ArrayList.forEach(ArrayList.java:1511)
... Removed 31 stack frames]]>
    </failure>
  </testcase> <!-- LogInDDT -->
  <testcase classname="com.InetBankingV1.TestCasess.TC_HomePage_002" name="LogInDDT" time="4.244">
    <failure type="java.lang.AssertionError" message="expected [true] but found [false]">
      <![CDATA[java.lang.AssertionError: expected [true] but found [false]
at com.InetBankingV1.TestCasess.TC_HomePage_002.LogInDDT(TC_HomePage_002.java:33)
at java.base/java.util.ArrayList.forEach(ArrayList.java:1511)
... Removed 31 stack frames]]>
    </failure>
  </testcase> <!-- LogInDDT -->
  <testcase classname="com.InetBankingV1.TestCasess.TC_HomePage_002" name="LogInDDT" time="4.196">
    <failure type="java.lang.AssertionError" message="expected [true] but found [false]">
      <![CDATA[java.lang.AssertionError: expected [true] but found [false]
at com.InetBankingV1.TestCasess.TC_HomePage_002.LogInDDT(TC_HomePage_002.java:33)
at java.base/java.util.ArrayList.forEach(ArrayList.java:1511)
... Removed 31 stack frames]]>
    </failure>
  </testcase> <!-- LogInDDT -->
  <testcase classname="com.InetBankingV1.TestCasess.TC_HomePage_002" name="LogInDDT" time="3.775">
    <failure type="java.lang.AssertionError" message="expected [true] but found [false]">
      <![CDATA[java.lang.AssertionError: expected [true] but found [false]
at com.InetBankingV1.TestCasess.TC_HomePage_002.LogInDDT(TC_HomePage_002.java:33)
at java.base/java.util.ArrayList.forEach(ArrayList.java:1511)
... Removed 31 stack frames]]>
    </failure>
  </testcase> <!-- LogInDDT -->
  <testcase classname="com.InetBankingV1.TestCasess.TC_HomePage_002" name="LogInDDT" time="3.782">
    <failure type="java.lang.AssertionError" message="expected [true] but found [false]">
      <![CDATA[java.lang.AssertionError: expected [true] but found [false]
at com.InetBankingV1.TestCasess.TC_HomePage_002.LogInDDT(TC_HomePage_002.java:33)
at java.base/java.util.ArrayList.forEach(ArrayList.java:1511)
... Removed 31 stack frames]]>
    </failure>
  </testcase> <!-- LogInDDT -->
  <testcase classname="com.InetBankingV1.TestCasess.TC_HomePage_002" name="LogInDDT" time="4.293">
    <failure type="java.lang.AssertionError" message="expected [true] but found [false]">
      <![CDATA[java.lang.AssertionError: expected [true] but found [false]
at com.InetBankingV1.TestCasess.TC_HomePage_002.LogInDDT(TC_HomePage_002.java:33)
at java.base/java.util.ArrayList.forEach(ArrayList.java:1511)
... Removed 31 stack frames]]>
    </failure>
  </testcase> <!-- LogInDDT -->
</testsuite> <!-- Test(failed) -->
