<?xml version="1.0" encoding="UTF-8"?>
<testng-results ignored="0" total="0" passed="0" failed="0" skipped="0">
  <reporter-output>
  </reporter-output>
  <suite started-at="2021-08-14T13:55:59 IST" name="com.InetBankingV1.Utilities.TestExtentReport" finished-at="2021-08-14T13:55:59 IST" duration-ms="24">
    <groups>
    </groups>
    <test started-at="2021-08-14T13:55:59 IST" name="Command line test" finished-at="2021-08-14T13:55:59 IST" duration-ms="24">
    </test> <!-- Command line test -->
  </suite> <!-- com.InetBankingV1.Utilities.TestExtentReport -->
</testng-results>
